<?xml version="1.0" encoding="UTF-8"?>
<!-- Generated by org.testng.reporters.JUnitReportReporter -->
<testsuite hostname="fspratik-ThinkPad-L480" failures="0" tests="2" name="Testcases.Employee" time="0.007" errors="0" timestamp="2024-01-10T14:52:55 IST" skipped="0">
  <testcase classname="Testcases.Employee" name="testCase2" time="0.002"/>
  <testcase classname="Testcases.Employee" name="testCase1" time="0.005"/>
</testsuite> <!-- Testcases.Employee -->
