<?xml version="1.0" encoding="UTF-8"?>
<!-- Generated by org.testng.reporters.JUnitReportReporter -->
<testsuite hostname="fspratik-ThinkPad-L480" failures="0" tests="1" name="Testcases.Employee" time="4.504" errors="0" timestamp="2024-01-09T16:26:27 IST" skipped="0">
  <testcase classname="Testcases.Employee" name="Validate_url" time="4.504"/>
</testsuite> <!-- Testcases.Employee -->
