<?xml version="1.0" encoding="UTF-8"?>
<!-- Generated by org.testng.reporters.JUnitReportReporter -->
<testsuite hostname="fspratik-ThinkPad-L480" failures="0" tests="1" name="Testcases.Employee" time="3.052" errors="0" timestamp="2023-10-31T16:00:39 IST" skipped="0">
  <testcase classname="Testcases.Employee" name="Validate_url" time="3.052"/>
</testsuite> <!-- Testcases.Employee -->
