<?xml version="1.0" encoding="UTF-8"?>
<!-- Generated by org.testng.reporters.JUnitReportReporter -->
<testsuite hostname="fspratik-ThinkPad-L480" failures="0" tests="1" name="Testcases.Employee" time="0.004" errors="0" timestamp="2023-10-31T11:15:45 IST" skipped="0">
  <testcase classname="Testcases.Employee" name="test1" time="0.004"/>
</testsuite> <!-- Testcases.Employee -->
